<?xml version="1.0" encoding="UTF-8"?>
<testsuite xmlns:xsi="http://www.w3.org/2001/XMLSchema-instance" xsi:noNamespaceSchemaLocation="https://maven.apache.org/surefire/maven-surefire-plugin/xsd/surefire-test-report-3.0.xsd" version="3.0" name="com.example.forest.ForestApplicationTests" time="4.729" tests="1" errors="0" skipped="0" failures="0">
  <properties>
[...]
</properties>
  <testcase name="contextLoads" classname="com.example.forest.ForestApplicationTests" time="0.857">
    <system-out><![CDATA[18:25:19.399 [main] INFO org.springframework.test.context.support.AnnotationConfigContextLoaderUtils -- Could not detect default configuration classes for test class [com.example.forest.ForestApplicationTests]: ForestApplicationTests does not declare any static, non-private, non-final, nested classes annotated with @Configuration.
18:25:19.481 [main] INFO org.springframework.boot.test.context.SpringBootTestContextBootstrapper -- Found @SpringBootConfiguration com.example.forest.ForestApplication for test class com.example.forest.ForestApplicationTests
18:25:19.595 [main] INFO org.springframework.boot.devtools.restart.RestartApplicationListener -- Restart disabled due to context in which it is running

  .   ____          _            __ _ _
 /\\ / ___'_ __ _ _(_)_ __  __ _ \ \ \ \
( ( )\___ | '_ | '_| | '_ \/ _` | \ \ \ \
 \\/  ___)| |_)| | | | | || (_| |  ) ) ) )
  '  |____| .__|_| |_|_| |_\__, | / / / /
 =========|_|==============|___/=/_/_/_/
 :: Spring Boot ::                (v3.1.5)

2025-08-23T18:25:19.805+08:00  INFO 22300 --- [           main] c.example.forest.ForestApplicationTests  : Starting ForestApplicationTests using Java 17.0.12 with PID 22300 (started by Mr_zh in C:\Users\Mr_zh\Desktop\项目\forest)
2025-08-23T18:25:19.806+08:00  INFO 22300 --- [           main] c.example.forest.ForestApplicationTests  : No active profile set, falling back to 1 default profile: "default"
2025-08-23T18:25:20.539+08:00  INFO 22300 --- [           main] .s.d.r.c.RepositoryConfigurationDelegate : Multiple Spring Data modules found, entering strict repository configuration mode
2025-08-23T18:25:20.541+08:00  INFO 22300 --- [           main] .s.d.r.c.RepositoryConfigurationDelegate : Bootstrapping Spring Data Redis repositories in DEFAULT mode.
2025-08-23T18:25:20.569+08:00  INFO 22300 --- [           main] .s.d.r.c.RepositoryConfigurationDelegate : Finished Spring Data repository scanning in 16 ms. Found 0 Redis repository interfaces.
2025-08-23T18:25:21.413+08:00  WARN 22300 --- [           main] c.b.m.core.injector.methods.Insert       : [com.example.forest.mapper.UserRoleMapper.insert] Has been loaded by XML or SqlProvider or Mybatis's Annotation, so ignoring this injection for [class com.baomidou.mybatisplus.core.injector.methods.Insert]
 _ _   |_  _ _|_. ___ _ |    _ 
| | |\/|_)(_| | |_\  |_)||_|_\ 
     /               |         
                        3.5.5 
2025-08-23T18:25:22.070+08:00  WARN 22300 --- [           main] .s.s.UserDetailsServiceAutoConfiguration : 

Using generated security password: b26e8164-3889-4fca-8512-37fcf69f6e96

This generated password is for development use only. Your security configuration must be updated before running your application in production.

2025-08-23T18:25:22.202+08:00  INFO 22300 --- [           main] o.s.s.web.DefaultSecurityFilterChain     : Will secure any request with [org.springframework.security.web.session.DisableEncodeUrlFilter@148fca83, org.springframework.security.web.context.request.async.WebAsyncManagerIntegrationFilter@2d2a8819, org.springframework.security.web.context.SecurityContextHolderFilter@b8142f4, org.springframework.security.web.header.HeaderWriterFilter@45539bd8, org.springframework.web.filter.CorsFilter@72585e83, com.example.forest.Filter.JwtAuthenticationFilter$$SpringCGLIB$$0@6b64bf61, org.springframework.security.web.savedrequest.RequestCacheAwareFilter@4d75c604, org.springframework.security.web.servletapi.SecurityContextHolderAwareRequestFilter@3265995e, org.springframework.security.web.authentication.AnonymousAuthenticationFilter@1d5bb5c, org.springframework.security.web.access.ExceptionTranslationFilter@6a0e97fc, org.springframework.security.web.access.intercept.AuthorizationFilter@4e3ee457]
2025-08-23T18:25:22.533+08:00  INFO 22300 --- [           main] c.e.forest.utils.WebMvcConfiguration     : 跨域操作已经执行
2025-08-23T18:25:22.988+08:00  INFO 22300 --- [           main] o.s.b.a.e.web.EndpointLinksResolver      : Exposing 1 endpoint(s) beneath base path '/actuator'
2025-08-23T18:25:23.070+08:00  INFO 22300 --- [           main] c.example.forest.ForestApplicationTests  : Started ForestApplicationTests in 3.485 seconds (process running for 4.203)
]]></system-out>
  </testcase>
</testsuite>